--------------------------------------------------------------------------------
                               ORCAD CM MIGRATION
--------------------------------------------------------------------------------
C:\USERS\CAMEM\ONEDRIVE\ORCAD KEYBOARD\GABRIELKEYBOARD\GABRIELKEYBOARD.DSN      
2026-04-24 at 11:41:41                                                          
--------------------------------------------------------------------------------
	Number of DiffPair Migrated                                : 0
	Number of XNET Migrated                                    : 10
	Number of Pin Constraints Migrated                         : 0
	Number of Net Constraints Migrated                         : 0
	Number of Physical Class Added                             : 0
	Number of Spacing Class Added                              : 0
	Number of Electrical CSET Added                            : 0
	Number of Warning Encountered                              : 0
--------------------------------------------------------------------------------
.XNET: 
	N03511                                  N0112520,N03511
	N07330                                  N05481,N07330
	ROW_0                                   N13006,N13013,N13020,N18607,N18619,N18631,N21031,N21043,N21055,N23536,N23548,N30394,N30406,N30418,N30430,ROW_0
	ROW_1                                   N13027,N13048,N13055,N18773,N18785,N18797,N21197,N21209,N21221,N23702,N23714,N30822,N30834,N30846,N30858,N30870,N30882,N30894,N30906,ROW_1
	ROW_2                                   N13034,N13041,N13062,N18939,N18951,N18963,N21363,N21375,N21387,N23868,N23880,N31250,N31262,N31274,N31286,N31298,N31310,N31322,N31334,ROW_2
	ROW_3                                   N16786,N16798,N16810,N19153,N19165,N19177,N21577,N21589,N21601,N24082,N24094,N31678,N31690,N31714,N31726,N31738,N31750,ROW_3
	ROW_4                                   N16960,N16972,N16984,N19313,N19325,N19337,N21737,N21749,N21761,N24242,N24254,N32106,N32118,N32142,N32154,N32166,N32178,N39176,ROW_4
	ROW_5                                   N103232,N103364,N17134,N17146,N17158,N19473,N21897,N32486,N32498,N32522,N32534,N33681,N33804,ROW_5
	USB_DM                                  N05255,USB_DM
	USB_DP                                  N05251,USB_DP
--------------------------------------------------------------------------------
