(---------------------------------------------------------------------)
(                                                                     )
(    QUICKPLACE LOG                                                   )
(                                                                     )
(    Drawing          : gabrielkeyboard.brd                           )
(    Software Version : 25.1S020                                      )
(    Date/Time        : Fri Apr 24 13:38:57 2026                      )
(                                                                     )
(---------------------------------------------------------------------)



Placing page "3"
	Placed symbol:  C1 / CAPACITOR_CAP0603_DISCRETE_10UF_10 / CAP0603 at (1404.97 5807.86)
	Placed symbol:  C2 / CAPACITOR_CAP0603_DISCRETE_10UF_10 / CAP0603 at (1671.05 5836.95)
	Placed symbol:  IC1 / TLV75533PDRVR_SON65P200X200X80-7N_TLV75533PDRVR / SON65P200X200X80-7N at (1538.01 5953.29)
	Placed symbol:  J1 / USB4085-GF-A_USB4085-GF-A_USB4085-GF-A_(USB4085-GF-A) / USB4085-GF-A at (1019.80 5836.95)
	Placed symbol:  MNT1 / MOUNT-HOLE-2.5_MNT_2P5MM_2.5MM MOUNTING HOLE_(MNT_2P5MM) / MNT_2P5MM at (142.97 5574.41)
	Placed symbol:  MNT2 / MOUNT-HOLE-2.5_MNT_2P5MM_2.5MM MOUNTING HOLE_(MNT_2P5MM) / MNT_2P5MM at (330.17 5574.41)
	Placed symbol:  MNT3 / MOUNT-HOLE-2.5_MNT_2P5MM_2.5MM MOUNTING HOLE_(MNT_2P5MM) / MNT_2P5MM at (517.37 5574.41)
	Placed symbol:  MNT4 / MOUNT-HOLE-2.5_MNT_2P5MM_2.5MM MOUNTING HOLE_(MNT_2P5MM) / MNT_2P5MM at (733.20 5574.41)
	Placed symbol:  R1 / RES1_RES0603_DISCRETE_5.1K_1% / RES0603 at (675.03 5700.57)
	Placed symbol:  R2 / RES1_RES0603_DISCRETE_5.1K_1% / RES0603 at (1276.85 5700.57)

Placing page "4"
	Placed symbol:  C10 / CAPACITOR_CAP0603_DISCRETE_0.1UF_10 / CAP0603 at (3993.52 6582.74)
	Placed symbol:  C11 / CAPACITOR_CAP0603_DISCRETE_0.1UF_10 / CAP0603 at (4218.09 6582.74)
	Placed symbol:  C12 / CAPACITOR_CAP0603_DISCRETE_0.1UF_10 / CAP0603 at (4474.33 6582.74)
	Placed symbol:  C13 / CAPACITOR_CAP0603_DISCRETE_0.1UF_10 / CAP0603 at (4602.45 6582.74)
	Placed symbol:  C14 / CAPACITOR_CAP0603_DISCRETE_0.1UF_10 / CAP0603 at (4730.57 6582.74)
	Placed symbol:  C17 / CAPACITOR_CAP0603_DISCRETE_0.1UF_10 / CAP0603 at (4858.69 5887.70)
	Placed symbol:  C3 / CAPACITOR_CAP0603_DISCRETE_0.1UF_10 / CAP0603 at (2957.09 6647.86)
	Placed symbol:  C4 / CAPACITOR_CAP0603_DISCRETE_0.1UF_10 / CAP0603 at (3085.21 6647.86)
	Placed symbol:  C7 / CAPACITOR_CAP0603_DISCRETE_0.1UF_10 / CAP0603 at (3085.21 6582.74)
	Placed symbol:  C8 / CAPACITOR_CAP0603_DISCRETE_0.1UF_10 / CAP0603 at (3213.33 6582.74)
	Placed symbol:  C9 / CAPACITOR_CAP0603_DISCRETE_0.1UF_10 / CAP0603 at (3469.57 6582.74)
	Placed symbol:  C15 / CAPACITOR_CAP0603_DISCRETE_22PF_10 / CAP0603 at (1889.17 6322.58)
	Placed symbol:  C16 / CAPACITOR_CAP0603_DISCRETE_22PF_10 / CAP0603 at (2247.77 6322.58)
	Placed symbol:  C5 / CAPACITOR_CAP0603_DISCRETE_1UF_10 / CAP0603 at (3341.45 6647.86)
	Placed symbol:  C6 / CAPACITOR_CAP0603_DISCRETE_1UF_10 / CAP0603 at (2957.09 6582.74)
	Placed symbol:  IC2 / W25Q128JVSIQ_SOIC127P790X216-8N_W25Q128JVSIQ / SOIC127P790X216-8N at (3722.69 6040.02)
	Placed symbol:  J2 / CON2_S2B-PH-K_CON2 / S2B-PH-K at (3993.52 5538.96)
	Placed symbol:  R4 / RES1_RES0603_DISCRETE_10K_1% / RES0603 at (4346.21 6257.46)
	Placed symbol:  R3 / RES1_RES0603_DISCRETE_1K_1% / RES0603 at (2375.89 6322.58)
	Placed symbol:  R7 / RES1_RES0603_DISCRETE_1K_1% / RES0603 at (3341.45 5822.58)
	Placed symbol:  R5 / RES1_RES0603_DISCRETE_27.4_1% / RES0603 at (2828.97 6192.34)
	Placed symbol:  R6 / RES1_RES0603_DISCRETE_27.4_1% / RES0603 at (2828.97 6040.02)
	Placed symbol:  U1 / RP2040_56-VFQFN-EP_RP2040 / 56-VFQFN-EP at (2602.43 6842.90)
	Placed symbol:  Y1 / RH100-12.000-12-1010-X-TR-NS2_RH10012000121010XTRNS2_RH100-12.000-12-1010-X-TR-NS2_(RH10012000121010XTRNS2) / RH10012000121010XTRNS2 at (2068.47 6452.66)

Placing page "5"
	Placed symbol:  SW62 / SW PUSHBUTTON-SPST-KEYBOARD_MX-SERIES-SW-1-POLE_R_CTRL_(MX-SERIES-SW-1-POLE-1P5U,MX-SERIES-SW-1-POLE-1P75U,MX-SERIES-SW-1-POLE-2P25U,MX-SERIES-SW-1-POLE-2U,MX-SERIES-SW-1-POLE-2U-VERT,MX-SERIES-SW-1-POLE-6P25U) / MX-SERIES-SW-1-POLE at (13451.71 5846.26)
	Placed symbol:  D61 / DIODE-AK_SOD-123_DISCRETE_DIODE / SOD-123 at (12258.67 5517.31)
	Placed symbol:  D1 / DIODE-AK_SOD-123_DISCRETE_DIODE / SOD-123 at (5100.43 8894.60)
	Placed symbol:  D10 / DIODE-AK_SOD-123_DISCRETE_DIODE / SOD-123 at (12258.67 8894.60)
	Placed symbol:  D11 / DIODE-AK_SOD-123_DISCRETE_DIODE / SOD-123 at (13054.03 8894.60)
	Placed symbol:  D12 / DIODE-AK_SOD-123_DISCRETE_DIODE / SOD-123 at (5100.43 8219.14)
	Placed symbol:  D13 / DIODE-AK_SOD-123_DISCRETE_DIODE / SOD-123 at (5895.79 8219.14)
	Placed symbol:  D14 / DIODE-AK_SOD-123_DISCRETE_DIODE / SOD-123 at (6691.15 8219.14)
	Placed symbol:  D15 / DIODE-AK_SOD-123_DISCRETE_DIODE / SOD-123 at (7486.51 8219.14)
	Placed symbol:  D16 / DIODE-AK_SOD-123_DISCRETE_DIODE / SOD-123 at (8281.87 8219.14)
	Placed symbol:  D17 / DIODE-AK_SOD-123_DISCRETE_DIODE / SOD-123 at (9077.23 8219.14)
	Placed symbol:  D18 / DIODE-AK_SOD-123_DISCRETE_DIODE / SOD-123 at (9872.59 8219.14)
	Placed symbol:  D19 / DIODE-AK_SOD-123_DISCRETE_DIODE / SOD-123 at (10667.95 8219.14)
	Placed symbol:  D2 / DIODE-AK_SOD-123_DISCRETE_DIODE / SOD-123 at (5895.79 8894.60)
	Placed symbol:  D20 / DIODE-AK_SOD-123_DISCRETE_DIODE / SOD-123 at (11463.31 8219.14)
	Placed symbol:  D21 / DIODE-AK_SOD-123_DISCRETE_DIODE / SOD-123 at (12258.67 8219.14)
	Placed symbol:  D22 / DIODE-AK_SOD-123_DISCRETE_DIODE / SOD-123 at (13054.03 8219.14)
	Placed symbol:  D23 / DIODE-AK_SOD-123_DISCRETE_DIODE / SOD-123 at (5100.43 7543.68)
	Placed symbol:  D24 / DIODE-AK_SOD-123_DISCRETE_DIODE / SOD-123 at (5895.79 7543.68)
	Placed symbol:  D25 / DIODE-AK_SOD-123_DISCRETE_DIODE / SOD-123 at (6691.15 7543.68)
	Placed symbol:  D26 / DIODE-AK_SOD-123_DISCRETE_DIODE / SOD-123 at (7486.51 7543.68)
	Placed symbol:  D27 / DIODE-AK_SOD-123_DISCRETE_DIODE / SOD-123 at (8281.87 7543.68)
	Placed symbol:  D28 / DIODE-AK_SOD-123_DISCRETE_DIODE / SOD-123 at (9077.23 7543.68)
	Placed symbol:  D29 / DIODE-AK_SOD-123_DISCRETE_DIODE / SOD-123 at (9872.59 7543.68)
	Placed symbol:  D3 / DIODE-AK_SOD-123_DISCRETE_DIODE / SOD-123 at (6691.15 8894.60)
	Placed symbol:  D30 / DIODE-AK_SOD-123_DISCRETE_DIODE / SOD-123 at (10667.95 7543.68)
	Placed symbol:  D31 / DIODE-AK_SOD-123_DISCRETE_DIODE / SOD-123 at (11463.31 7543.68)
	Placed symbol:  D32 / DIODE-AK_SOD-123_DISCRETE_DIODE / SOD-123 at (12258.67 7543.68)
	Placed symbol:  D33 / DIODE-AK_SOD-123_DISCRETE_DIODE / SOD-123 at (13054.03 7543.68)
	Placed symbol:  D34 / DIODE-AK_SOD-123_DISCRETE_DIODE / SOD-123 at (5100.43 6868.22)
	Placed symbol:  D35 / DIODE-AK_SOD-123_DISCRETE_DIODE / SOD-123 at (5895.79 6868.22)
	Placed symbol:  D36 / DIODE-AK_SOD-123_DISCRETE_DIODE / SOD-123 at (6691.15 6868.22)
	Placed symbol:  D37 / DIODE-AK_SOD-123_DISCRETE_DIODE / SOD-123 at (7486.51 6868.22)
	Placed symbol:  D38 / DIODE-AK_SOD-123_DISCRETE_DIODE / SOD-123 at (8281.87 6868.22)
	Placed symbol:  D39 / DIODE-AK_SOD-123_DISCRETE_DIODE / SOD-123 at (9077.23 6868.22)
	Placed symbol:  D4 / DIODE-AK_SOD-123_DISCRETE_DIODE / SOD-123 at (7486.51 8894.60)
	Placed symbol:  D40 / DIODE-AK_SOD-123_DISCRETE_DIODE / SOD-123 at (9872.59 6868.22)
	Placed symbol:  D41 / DIODE-AK_SOD-123_DISCRETE_DIODE / SOD-123 at (10667.95 6868.22)
	Placed symbol:  D42 / DIODE-AK_SOD-123_DISCRETE_DIODE / SOD-123 at (11463.31 6868.22)
	Placed symbol:  D43 / DIODE-AK_SOD-123_DISCRETE_DIODE / SOD-123 at (12258.67 6868.22)
	Placed symbol:  D44 / DIODE-AK_SOD-123_DISCRETE_DIODE / SOD-123 at (13054.03 6868.22)
	Placed symbol:  D45 / DIODE-AK_SOD-123_DISCRETE_DIODE / SOD-123 at (5100.43 6192.76)
	Placed symbol:  D46 / DIODE-AK_SOD-123_DISCRETE_DIODE / SOD-123 at (5895.79 6192.76)
	Placed symbol:  D47 / DIODE-AK_SOD-123_DISCRETE_DIODE / SOD-123 at (6691.15 6192.76)
	Placed symbol:  D48 / DIODE-AK_SOD-123_DISCRETE_DIODE / SOD-123 at (7486.51 6192.76)
	Placed symbol:  D49 / DIODE-AK_SOD-123_DISCRETE_DIODE / SOD-123 at (8281.87 6192.76)
	Placed symbol:  D5 / DIODE-AK_SOD-123_DISCRETE_DIODE / SOD-123 at (8281.87 8894.60)
	Placed symbol:  D50 / DIODE-AK_SOD-123_DISCRETE_DIODE / SOD-123 at (9077.23 6192.76)
	Placed symbol:  D51 / DIODE-AK_SOD-123_DISCRETE_DIODE / SOD-123 at (9872.59 6192.76)
	Placed symbol:  D52 / DIODE-AK_SOD-123_DISCRETE_DIODE / SOD-123 at (10667.95 6192.76)
	Placed symbol:  D53 / DIODE-AK_SOD-123_DISCRETE_DIODE / SOD-123 at (11463.31 6192.76)
	Placed symbol:  D54 / DIODE-AK_SOD-123_DISCRETE_DIODE / SOD-123 at (12258.67 6192.76)
	Placed symbol:  D55 / DIODE-AK_SOD-123_DISCRETE_DIODE / SOD-123 at (13054.03 6192.76)
	Placed symbol:  D56 / DIODE-AK_SOD-123_DISCRETE_DIODE / SOD-123 at (5100.43 5517.31)
	Placed symbol:  D57 / DIODE-AK_SOD-123_DISCRETE_DIODE / SOD-123 at (5895.79 5517.31)
	Placed symbol:  D58 / DIODE-AK_SOD-123_DISCRETE_DIODE / SOD-123 at (6691.15 5517.31)
	Placed symbol:  D59 / DIODE-AK_SOD-123_DISCRETE_DIODE / SOD-123 at (7486.51 5517.31)
	Placed symbol:  D6 / DIODE-AK_SOD-123_DISCRETE_DIODE / SOD-123 at (9077.23 8894.60)
	Placed symbol:  D60 / DIODE-AK_SOD-123_DISCRETE_DIODE / SOD-123 at (9872.59 5517.31)
	Placed symbol:  D62 / DIODE-AK_SOD-123_DISCRETE_DIODE / SOD-123 at (13054.03 5517.31)
	Placed symbol:  D7 / DIODE-AK_SOD-123_DISCRETE_DIODE / SOD-123 at (9872.59 8894.60)
	Placed symbol:  D8 / DIODE-AK_SOD-123_DISCRETE_DIODE / SOD-123 at (10667.95 8894.60)
	Placed symbol:  D9 / DIODE-AK_SOD-123_DISCRETE_DIODE / SOD-123 at (11463.31 8894.60)
	Placed symbol:  SW1 / SW PUSHBUTTON-SPST-KEYBOARD_MX-SERIES-SW-1-POLE_ESC_(MX-SERIES-SW-1-POLE-1P5U,MX-SERIES-SW-1-POLE-1P75U,MX-SERIES-SW-1-POLE-2P25U,MX-SERIES-SW-1-POLE-2U,MX-SERIES-SW-1-POLE-2U-VERT,MX-SERIES-SW-1-POLE-6P25U) / MX-SERIES-SW-1-POLE at (5498.11 9223.56)
	Placed symbol:  SW10 / SW PUSHBUTTON-SPST-KEYBOARD_MX-SERIES-SW-1-POLE_F9_(MX-SERIES-SW-1-POLE-1P5U,MX-SERIES-SW-1-POLE-1P75U,MX-SERIES-SW-1-POLE-2P25U,MX-SERIES-SW-1-POLE-2U,MX-SERIES-SW-1-POLE-2U-VERT,MX-SERIES-SW-1-POLE-6P25U) / MX-SERIES-SW-1-POLE at (12656.35 9223.56)
	Placed symbol:  SW11 / SW PUSHBUTTON-SPST-KEYBOARD_MX-SERIES-SW-1-POLE_F10_(MX-SERIES-SW-1-POLE-1P5U,MX-SERIES-SW-1-POLE-1P75U,MX-SERIES-SW-1-POLE-2P25U,MX-SERIES-SW-1-POLE-2U,MX-SERIES-SW-1-POLE-2U-VERT,MX-SERIES-SW-1-POLE-6P25U) / MX-SERIES-SW-1-POLE at (13451.71 9223.56)
	Placed symbol:  SW12 / SW PUSHBUTTON-SPST-KEYBOARD_MX-SERIES-SW-1-POLE_~_(MX-SERIES-SW-1-POLE-1P5U,MX-SERIES-SW-1-POLE-1P75U,MX-SERIES-SW-1-POLE-2P25U,MX-SERIES-SW-1-POLE-2U,MX-SERIES-SW-1-POLE-2U-VERT,MX-SERIES-SW-1-POLE-6P25U) / MX-SERIES-SW-1-POLE at (5498.11 8548.10)
	Placed symbol:  SW13 / SW PUSHBUTTON-SPST-KEYBOARD_MX-SERIES-SW-1-POLE_1_(MX-SERIES-SW-1-POLE-1P5U,MX-SERIES-SW-1-POLE-1P75U,MX-SERIES-SW-1-POLE-2P25U,MX-SERIES-SW-1-POLE-2U,MX-SERIES-SW-1-POLE-2U-VERT,MX-SERIES-SW-1-POLE-6P25U) / MX-SERIES-SW-1-POLE at (6293.47 8548.10)
	Placed symbol:  SW14 / SW PUSHBUTTON-SPST-KEYBOARD_MX-SERIES-SW-1-POLE_2_(MX-SERIES-SW-1-POLE-1P5U,MX-SERIES-SW-1-POLE-1P75U,MX-SERIES-SW-1-POLE-2P25U,MX-SERIES-SW-1-POLE-2U,MX-SERIES-SW-1-POLE-2U-VERT,MX-SERIES-SW-1-POLE-6P25U) / MX-SERIES-SW-1-POLE at (7088.83 8548.10)
	Placed symbol:  SW15 / SW PUSHBUTTON-SPST-KEYBOARD_MX-SERIES-SW-1-POLE_3_(MX-SERIES-SW-1-POLE-1P5U,MX-SERIES-SW-1-POLE-1P75U,MX-SERIES-SW-1-POLE-2P25U,MX-SERIES-SW-1-POLE-2U,MX-SERIES-SW-1-POLE-2U-VERT,MX-SERIES-SW-1-POLE-6P25U) / MX-SERIES-SW-1-POLE at (7884.19 8548.10)
	Placed symbol:  SW16 / SW PUSHBUTTON-SPST-KEYBOARD_MX-SERIES-SW-1-POLE_4_(MX-SERIES-SW-1-POLE-1P5U,MX-SERIES-SW-1-POLE-1P75U,MX-SERIES-SW-1-POLE-2P25U,MX-SERIES-SW-1-POLE-2U,MX-SERIES-SW-1-POLE-2U-VERT,MX-SERIES-SW-1-POLE-6P25U) / MX-SERIES-SW-1-POLE at (8679.55 8548.10)
	Placed symbol:  SW17 / SW PUSHBUTTON-SPST-KEYBOARD_MX-SERIES-SW-1-POLE_5_(MX-SERIES-SW-1-POLE-1P5U,MX-SERIES-SW-1-POLE-1P75U,MX-SERIES-SW-1-POLE-2P25U,MX-SERIES-SW-1-POLE-2U,MX-SERIES-SW-1-POLE-2U-VERT,MX-SERIES-SW-1-POLE-6P25U) / MX-SERIES-SW-1-POLE at (9474.91 8548.10)
	Placed symbol:  SW18 / SW PUSHBUTTON-SPST-KEYBOARD_MX-SERIES-SW-1-POLE_6_(MX-SERIES-SW-1-POLE-1P5U,MX-SERIES-SW-1-POLE-1P75U,MX-SERIES-SW-1-POLE-2P25U,MX-SERIES-SW-1-POLE-2U,MX-SERIES-SW-1-POLE-2U-VERT,MX-SERIES-SW-1-POLE-6P25U) / MX-SERIES-SW-1-POLE at (10270.27 8548.10)
	Placed symbol:  SW19 / SW PUSHBUTTON-SPST-KEYBOARD_MX-SERIES-SW-1-POLE_7_(MX-SERIES-SW-1-POLE-1P5U,MX-SERIES-SW-1-POLE-1P75U,MX-SERIES-SW-1-POLE-2P25U,MX-SERIES-SW-1-POLE-2U,MX-SERIES-SW-1-POLE-2U-VERT,MX-SERIES-SW-1-POLE-6P25U) / MX-SERIES-SW-1-POLE at (11065.63 8548.10)
	Placed symbol:  SW2 / SW PUSHBUTTON-SPST-KEYBOARD_MX-SERIES-SW-1-POLE_F1_(MX-SERIES-SW-1-POLE-1P5U,MX-SERIES-SW-1-POLE-1P75U,MX-SERIES-SW-1-POLE-2P25U,MX-SERIES-SW-1-POLE-2U,MX-SERIES-SW-1-POLE-2U-VERT,MX-SERIES-SW-1-POLE-6P25U) / MX-SERIES-SW-1-POLE at (6293.47 9223.56)
	Placed symbol:  SW20 / SW PUSHBUTTON-SPST-KEYBOARD_MX-SERIES-SW-1-POLE_8_(MX-SERIES-SW-1-POLE-1P5U,MX-SERIES-SW-1-POLE-1P75U,MX-SERIES-SW-1-POLE-2P25U,MX-SERIES-SW-1-POLE-2U,MX-SERIES-SW-1-POLE-2U-VERT,MX-SERIES-SW-1-POLE-6P25U) / MX-SERIES-SW-1-POLE at (11860.99 8548.10)
	Placed symbol:  SW21 / SW PUSHBUTTON-SPST-KEYBOARD_MX-SERIES-SW-1-POLE_9_(MX-SERIES-SW-1-POLE-1P5U,MX-SERIES-SW-1-POLE-1P75U,MX-SERIES-SW-1-POLE-2P25U,MX-SERIES-SW-1-POLE-2U,MX-SERIES-SW-1-POLE-2U-VERT,MX-SERIES-SW-1-POLE-6P25U) / MX-SERIES-SW-1-POLE at (12656.35 8548.10)
	Placed symbol:  SW22 / SW PUSHBUTTON-SPST-KEYBOARD_MX-SERIES-SW-1-POLE_0_(MX-SERIES-SW-1-POLE-1P5U,MX-SERIES-SW-1-POLE-1P75U,MX-SERIES-SW-1-POLE-2P25U,MX-SERIES-SW-1-POLE-2U,MX-SERIES-SW-1-POLE-2U-VERT,MX-SERIES-SW-1-POLE-6P25U) / MX-SERIES-SW-1-POLE at (13451.71 8548.10)
	Placed symbol:  SW23 / SW PUSHBUTTON-SPST-KEYBOARD_MX-SERIES-SW-1-POLE_TAB_(MX-SERIES-SW-1-POLE-1P5U,MX-SERIES-SW-1-POLE-1P75U,MX-SERIES-SW-1-POLE-2P25U,MX-SERIES-SW-1-POLE-2U,MX-SERIES-SW-1-POLE-2U-VERT,MX-SERIES-SW-1-POLE-6P25U) / MX-SERIES-SW-1-POLE at (5498.11 7872.64)
	Placed symbol:  SW24 / SW PUSHBUTTON-SPST-KEYBOARD_MX-SERIES-SW-1-POLE_Q_(MX-SERIES-SW-1-POLE-1P5U,MX-SERIES-SW-1-POLE-1P75U,MX-SERIES-SW-1-POLE-2P25U,MX-SERIES-SW-1-POLE-2U,MX-SERIES-SW-1-POLE-2U-VERT,MX-SERIES-SW-1-POLE-6P25U) / MX-SERIES-SW-1-POLE at (6293.47 7872.64)
	Placed symbol:  SW25 / SW PUSHBUTTON-SPST-KEYBOARD_MX-SERIES-SW-1-POLE_W_(MX-SERIES-SW-1-POLE-1P5U,MX-SERIES-SW-1-POLE-1P75U,MX-SERIES-SW-1-POLE-2P25U,MX-SERIES-SW-1-POLE-2U,MX-SERIES-SW-1-POLE-2U-VERT,MX-SERIES-SW-1-POLE-6P25U) / MX-SERIES-SW-1-POLE at (7088.83 7872.64)
	Placed symbol:  SW26 / SW PUSHBUTTON-SPST-KEYBOARD_MX-SERIES-SW-1-POLE_E_(MX-SERIES-SW-1-POLE-1P5U,MX-SERIES-SW-1-POLE-1P75U,MX-SERIES-SW-1-POLE-2P25U,MX-SERIES-SW-1-POLE-2U,MX-SERIES-SW-1-POLE-2U-VERT,MX-SERIES-SW-1-POLE-6P25U) / MX-SERIES-SW-1-POLE at (7884.19 7872.64)
	Placed symbol:  SW27 / SW PUSHBUTTON-SPST-KEYBOARD_MX-SERIES-SW-1-POLE_R_(MX-SERIES-SW-1-POLE-1P5U,MX-SERIES-SW-1-POLE-1P75U,MX-SERIES-SW-1-POLE-2P25U,MX-SERIES-SW-1-POLE-2U,MX-SERIES-SW-1-POLE-2U-VERT,MX-SERIES-SW-1-POLE-6P25U) / MX-SERIES-SW-1-POLE at (8679.55 7872.64)
	Placed symbol:  SW28 / SW PUSHBUTTON-SPST-KEYBOARD_MX-SERIES-SW-1-POLE_T_(MX-SERIES-SW-1-POLE-1P5U,MX-SERIES-SW-1-POLE-1P75U,MX-SERIES-SW-1-POLE-2P25U,MX-SERIES-SW-1-POLE-2U,MX-SERIES-SW-1-POLE-2U-VERT,MX-SERIES-SW-1-POLE-6P25U) / MX-SERIES-SW-1-POLE at (9474.91 7872.64)
	Placed symbol:  SW29 / SW PUSHBUTTON-SPST-KEYBOARD_MX-SERIES-SW-1-POLE_Y_(MX-SERIES-SW-1-POLE-1P5U,MX-SERIES-SW-1-POLE-1P75U,MX-SERIES-SW-1-POLE-2P25U,MX-SERIES-SW-1-POLE-2U,MX-SERIES-SW-1-POLE-2U-VERT,MX-SERIES-SW-1-POLE-6P25U) / MX-SERIES-SW-1-POLE at (10270.27 7872.64)
	Placed symbol:  SW3 / SW PUSHBUTTON-SPST-KEYBOARD_MX-SERIES-SW-1-POLE_F2_(MX-SERIES-SW-1-POLE-1P5U,MX-SERIES-SW-1-POLE-1P75U,MX-SERIES-SW-1-POLE-2P25U,MX-SERIES-SW-1-POLE-2U,MX-SERIES-SW-1-POLE-2U-VERT,MX-SERIES-SW-1-POLE-6P25U) / MX-SERIES-SW-1-POLE at (7088.83 9223.56)
	Placed symbol:  SW30 / SW PUSHBUTTON-SPST-KEYBOARD_MX-SERIES-SW-1-POLE_U_(MX-SERIES-SW-1-POLE-1P5U,MX-SERIES-SW-1-POLE-1P75U,MX-SERIES-SW-1-POLE-2P25U,MX-SERIES-SW-1-POLE-2U,MX-SERIES-SW-1-POLE-2U-VERT,MX-SERIES-SW-1-POLE-6P25U) / MX-SERIES-SW-1-POLE at (11065.63 7872.64)
	Placed symbol:  SW31 / SW PUSHBUTTON-SPST-KEYBOARD_MX-SERIES-SW-1-POLE_I_(MX-SERIES-SW-1-POLE-1P5U,MX-SERIES-SW-1-POLE-1P75U,MX-SERIES-SW-1-POLE-2P25U,MX-SERIES-SW-1-POLE-2U,MX-SERIES-SW-1-POLE-2U-VERT,MX-SERIES-SW-1-POLE-6P25U) / MX-SERIES-SW-1-POLE at (11860.99 7872.64)
	Placed symbol:  SW32 / SW PUSHBUTTON-SPST-KEYBOARD_MX-SERIES-SW-1-POLE_O_(MX-SERIES-SW-1-POLE-1P5U,MX-SERIES-SW-1-POLE-1P75U,MX-SERIES-SW-1-POLE-2P25U,MX-SERIES-SW-1-POLE-2U,MX-SERIES-SW-1-POLE-2U-VERT,MX-SERIES-SW-1-POLE-6P25U) / MX-SERIES-SW-1-POLE at (12656.35 7872.64)
	Placed symbol:  SW33 / SW PUSHBUTTON-SPST-KEYBOARD_MX-SERIES-SW-1-POLE_P_(MX-SERIES-SW-1-POLE-1P5U,MX-SERIES-SW-1-POLE-1P75U,MX-SERIES-SW-1-POLE-2P25U,MX-SERIES-SW-1-POLE-2U,MX-SERIES-SW-1-POLE-2U-VERT,MX-SERIES-SW-1-POLE-6P25U) / MX-SERIES-SW-1-POLE at (13451.71 7872.64)
	Placed symbol:  SW34 / SW PUSHBUTTON-SPST-KEYBOARD_MX-SERIES-SW-1-POLE_CAPS_(MX-SERIES-SW-1-POLE-1P5U,MX-SERIES-SW-1-POLE-1P75U,MX-SERIES-SW-1-POLE-2P25U,MX-SERIES-SW-1-POLE-2U,MX-SERIES-SW-1-POLE-2U-VERT,MX-SERIES-SW-1-POLE-6P25U) / MX-SERIES-SW-1-POLE at (5498.11 7197.18)
	Placed symbol:  SW35 / SW PUSHBUTTON-SPST-KEYBOARD_MX-SERIES-SW-1-POLE_A_(MX-SERIES-SW-1-POLE-1P5U,MX-SERIES-SW-1-POLE-1P75U,MX-SERIES-SW-1-POLE-2P25U,MX-SERIES-SW-1-POLE-2U,MX-SERIES-SW-1-POLE-2U-VERT,MX-SERIES-SW-1-POLE-6P25U) / MX-SERIES-SW-1-POLE at (6293.47 7197.18)
	Placed symbol:  SW36 / SW PUSHBUTTON-SPST-KEYBOARD_MX-SERIES-SW-1-POLE_S_(MX-SERIES-SW-1-POLE-1P5U,MX-SERIES-SW-1-POLE-1P75U,MX-SERIES-SW-1-POLE-2P25U,MX-SERIES-SW-1-POLE-2U,MX-SERIES-SW-1-POLE-2U-VERT,MX-SERIES-SW-1-POLE-6P25U) / MX-SERIES-SW-1-POLE at (7088.83 7197.18)
	Placed symbol:  SW37 / SW PUSHBUTTON-SPST-KEYBOARD_MX-SERIES-SW-1-POLE_D_(MX-SERIES-SW-1-POLE-1P5U,MX-SERIES-SW-1-POLE-1P75U,MX-SERIES-SW-1-POLE-2P25U,MX-SERIES-SW-1-POLE-2U,MX-SERIES-SW-1-POLE-2U-VERT,MX-SERIES-SW-1-POLE-6P25U) / MX-SERIES-SW-1-POLE at (7884.19 7197.18)
	Placed symbol:  SW38 / SW PUSHBUTTON-SPST-KEYBOARD_MX-SERIES-SW-1-POLE_F_(MX-SERIES-SW-1-POLE-1P5U,MX-SERIES-SW-1-POLE-1P75U,MX-SERIES-SW-1-POLE-2P25U,MX-SERIES-SW-1-POLE-2U,MX-SERIES-SW-1-POLE-2U-VERT,MX-SERIES-SW-1-POLE-6P25U) / MX-SERIES-SW-1-POLE at (8679.55 7197.18)
	Placed symbol:  SW39 / SW PUSHBUTTON-SPST-KEYBOARD_MX-SERIES-SW-1-POLE_G_(MX-SERIES-SW-1-POLE-1P5U,MX-SERIES-SW-1-POLE-1P75U,MX-SERIES-SW-1-POLE-2P25U,MX-SERIES-SW-1-POLE-2U,MX-SERIES-SW-1-POLE-2U-VERT,MX-SERIES-SW-1-POLE-6P25U) / MX-SERIES-SW-1-POLE at (9474.91 7197.18)
	Placed symbol:  SW4 / SW PUSHBUTTON-SPST-KEYBOARD_MX-SERIES-SW-1-POLE_F3_(MX-SERIES-SW-1-POLE-1P5U,MX-SERIES-SW-1-POLE-1P75U,MX-SERIES-SW-1-POLE-2P25U,MX-SERIES-SW-1-POLE-2U,MX-SERIES-SW-1-POLE-2U-VERT,MX-SERIES-SW-1-POLE-6P25U) / MX-SERIES-SW-1-POLE at (7884.19 9223.56)
	Placed symbol:  SW40 / SW PUSHBUTTON-SPST-KEYBOARD_MX-SERIES-SW-1-POLE_H_(MX-SERIES-SW-1-POLE-1P5U,MX-SERIES-SW-1-POLE-1P75U,MX-SERIES-SW-1-POLE-2P25U,MX-SERIES-SW-1-POLE-2U,MX-SERIES-SW-1-POLE-2U-VERT,MX-SERIES-SW-1-POLE-6P25U) / MX-SERIES-SW-1-POLE at (10270.27 7197.18)
	Placed symbol:  SW41 / SW PUSHBUTTON-SPST-KEYBOARD_MX-SERIES-SW-1-POLE_J_(MX-SERIES-SW-1-POLE-1P5U,MX-SERIES-SW-1-POLE-1P75U,MX-SERIES-SW-1-POLE-2P25U,MX-SERIES-SW-1-POLE-2U,MX-SERIES-SW-1-POLE-2U-VERT,MX-SERIES-SW-1-POLE-6P25U) / MX-SERIES-SW-1-POLE at (11065.63 7197.18)
	Placed symbol:  SW42 / SW PUSHBUTTON-SPST-KEYBOARD_MX-SERIES-SW-1-POLE_K_(MX-SERIES-SW-1-POLE-1P5U,MX-SERIES-SW-1-POLE-1P75U,MX-SERIES-SW-1-POLE-2P25U,MX-SERIES-SW-1-POLE-2U,MX-SERIES-SW-1-POLE-2U-VERT,MX-SERIES-SW-1-POLE-6P25U) / MX-SERIES-SW-1-POLE at (11860.99 7197.18)
	Placed symbol:  SW43 / SW PUSHBUTTON-SPST-KEYBOARD_MX-SERIES-SW-1-POLE_L_(MX-SERIES-SW-1-POLE-1P5U,MX-SERIES-SW-1-POLE-1P75U,MX-SERIES-SW-1-POLE-2P25U,MX-SERIES-SW-1-POLE-2U,MX-SERIES-SW-1-POLE-2U-VERT,MX-SERIES-SW-1-POLE-6P25U) / MX-SERIES-SW-1-POLE at (12656.35 7197.18)
	Placed symbol:  SW44 / SW PUSHBUTTON-SPST-KEYBOARD_MX-SERIES-SW-1-POLE_:_(MX-SERIES-SW-1-POLE-1P5U,MX-SERIES-SW-1-POLE-1P75U,MX-SERIES-SW-1-POLE-2P25U,MX-SERIES-SW-1-POLE-2U,MX-SERIES-SW-1-POLE-2U-VERT,MX-SERIES-SW-1-POLE-6P25U) / MX-SERIES-SW-1-POLE at (13451.71 7197.18)
	Placed symbol:  SW45 / SW PUSHBUTTON-SPST-KEYBOARD_MX-SERIES-SW-1-POLE_SHIFT_(MX-SERIES-SW-1-POLE-1P5U,MX-SERIES-SW-1-POLE-1P75U,MX-SERIES-SW-1-POLE-2P25U,MX-SERIES-SW-1-POLE-2U,MX-SERIES-SW-1-POLE-2U-VERT,MX-SERIES-SW-1-POLE-6P25U) / MX-SERIES-SW-1-POLE at (5498.11 6521.72)
	Placed symbol:  SW46 / SW PUSHBUTTON-SPST-KEYBOARD_MX-SERIES-SW-1-POLE_Z_(MX-SERIES-SW-1-POLE-1P5U,MX-SERIES-SW-1-POLE-1P75U,MX-SERIES-SW-1-POLE-2P25U,MX-SERIES-SW-1-POLE-2U,MX-SERIES-SW-1-POLE-2U-VERT,MX-SERIES-SW-1-POLE-6P25U) / MX-SERIES-SW-1-POLE at (6293.47 6521.72)
	Placed symbol:  SW47 / SW PUSHBUTTON-SPST-KEYBOARD_MX-SERIES-SW-1-POLE_X_(MX-SERIES-SW-1-POLE-1P5U,MX-SERIES-SW-1-POLE-1P75U,MX-SERIES-SW-1-POLE-2P25U,MX-SERIES-SW-1-POLE-2U,MX-SERIES-SW-1-POLE-2U-VERT,MX-SERIES-SW-1-POLE-6P25U) / MX-SERIES-SW-1-POLE at (7088.83 6521.72)
	Placed symbol:  SW48 / SW PUSHBUTTON-SPST-KEYBOARD_MX-SERIES-SW-1-POLE_C_(MX-SERIES-SW-1-POLE-1P5U,MX-SERIES-SW-1-POLE-1P75U,MX-SERIES-SW-1-POLE-2P25U,MX-SERIES-SW-1-POLE-2U,MX-SERIES-SW-1-POLE-2U-VERT,MX-SERIES-SW-1-POLE-6P25U) / MX-SERIES-SW-1-POLE at (7884.19 6521.72)
	Placed symbol:  SW49 / SW PUSHBUTTON-SPST-KEYBOARD_MX-SERIES-SW-1-POLE_V_(MX-SERIES-SW-1-POLE-1P5U,MX-SERIES-SW-1-POLE-1P75U,MX-SERIES-SW-1-POLE-2P25U,MX-SERIES-SW-1-POLE-2U,MX-SERIES-SW-1-POLE-2U-VERT,MX-SERIES-SW-1-POLE-6P25U) / MX-SERIES-SW-1-POLE at (8679.55 6521.72)
	Placed symbol:  SW5 / SW PUSHBUTTON-SPST-KEYBOARD_MX-SERIES-SW-1-POLE_F4_(MX-SERIES-SW-1-POLE-1P5U,MX-SERIES-SW-1-POLE-1P75U,MX-SERIES-SW-1-POLE-2P25U,MX-SERIES-SW-1-POLE-2U,MX-SERIES-SW-1-POLE-2U-VERT,MX-SERIES-SW-1-POLE-6P25U) / MX-SERIES-SW-1-POLE at (8679.55 9223.56)
	Placed symbol:  SW50 / SW PUSHBUTTON-SPST-KEYBOARD_MX-SERIES-SW-1-POLE_B_(MX-SERIES-SW-1-POLE-1P5U,MX-SERIES-SW-1-POLE-1P75U,MX-SERIES-SW-1-POLE-2P25U,MX-SERIES-SW-1-POLE-2U,MX-SERIES-SW-1-POLE-2U-VERT,MX-SERIES-SW-1-POLE-6P25U) / MX-SERIES-SW-1-POLE at (9474.91 6521.72)
	Placed symbol:  SW51 / SW PUSHBUTTON-SPST-KEYBOARD_MX-SERIES-SW-1-POLE_N_(MX-SERIES-SW-1-POLE-1P5U,MX-SERIES-SW-1-POLE-1P75U,MX-SERIES-SW-1-POLE-2P25U,MX-SERIES-SW-1-POLE-2U,MX-SERIES-SW-1-POLE-2U-VERT,MX-SERIES-SW-1-POLE-6P25U) / MX-SERIES-SW-1-POLE at (10270.27 6521.72)
	Placed symbol:  SW52 / SW PUSHBUTTON-SPST-KEYBOARD_MX-SERIES-SW-1-POLE_M_(MX-SERIES-SW-1-POLE-1P5U,MX-SERIES-SW-1-POLE-1P75U,MX-SERIES-SW-1-POLE-2P25U,MX-SERIES-SW-1-POLE-2U,MX-SERIES-SW-1-POLE-2U-VERT,MX-SERIES-SW-1-POLE-6P25U) / MX-SERIES-SW-1-POLE at (11065.63 6521.72)
	Placed symbol:  SW53 / SW PUSHBUTTON-SPST-KEYBOARD_MX-SERIES-SW-1-POLE_,_(MX-SERIES-SW-1-POLE-1P5U,MX-SERIES-SW-1-POLE-1P75U,MX-SERIES-SW-1-POLE-2P25U,MX-SERIES-SW-1-POLE-2U,MX-SERIES-SW-1-POLE-2U-VERT,MX-SERIES-SW-1-POLE-6P25U) / MX-SERIES-SW-1-POLE at (11860.99 6521.72)
	Placed symbol:  SW54 / SW PUSHBUTTON-SPST-KEYBOARD_MX-SERIES-SW-1-POLE_._(MX-SERIES-SW-1-POLE-1P5U,MX-SERIES-SW-1-POLE-1P75U,MX-SERIES-SW-1-POLE-2P25U,MX-SERIES-SW-1-POLE-2U,MX-SERIES-SW-1-POLE-2U-VERT,MX-SERIES-SW-1-POLE-6P25U) / MX-SERIES-SW-1-POLE at (12656.35 6521.72)
	Placed symbol:  SW55 / SW PUSHBUTTON-SPST-KEYBOARD_MX-SERIES-SW-1-POLE_/_(MX-SERIES-SW-1-POLE-1P5U,MX-SERIES-SW-1-POLE-1P75U,MX-SERIES-SW-1-POLE-2P25U,MX-SERIES-SW-1-POLE-2U,MX-SERIES-SW-1-POLE-2U-VERT,MX-SERIES-SW-1-POLE-6P25U) / MX-SERIES-SW-1-POLE at (13451.71 6521.72)
	Placed symbol:  SW56 / SW PUSHBUTTON-SPST-KEYBOARD_MX-SERIES-SW-1-POLE_CTRL_(MX-SERIES-SW-1-POLE-1P5U,MX-SERIES-SW-1-POLE-1P75U,MX-SERIES-SW-1-POLE-2P25U,MX-SERIES-SW-1-POLE-2U,MX-SERIES-SW-1-POLE-2U-VERT,MX-SERIES-SW-1-POLE-6P25U) / MX-SERIES-SW-1-POLE at (5498.11 5846.26)
	Placed symbol:  SW57 / SW PUSHBUTTON-SPST-KEYBOARD_MX-SERIES-SW-1-POLE_FN_(MX-SERIES-SW-1-POLE-1P5U,MX-SERIES-SW-1-POLE-1P75U,MX-SERIES-SW-1-POLE-2P25U,MX-SERIES-SW-1-POLE-2U,MX-SERIES-SW-1-POLE-2U-VERT,MX-SERIES-SW-1-POLE-6P25U) / MX-SERIES-SW-1-POLE at (6293.47 5846.26)
	Placed symbol:  SW58 / SW PUSHBUTTON-SPST-KEYBOARD_MX-SERIES-SW-1-POLE_WIN_(MX-SERIES-SW-1-POLE-1P5U,MX-SERIES-SW-1-POLE-1P75U,MX-SERIES-SW-1-POLE-2P25U,MX-SERIES-SW-1-POLE-2U,MX-SERIES-SW-1-POLE-2U-VERT,MX-SERIES-SW-1-POLE-6P25U) / MX-SERIES-SW-1-POLE at (7088.83 5846.26)
	Placed symbol:  SW59 / SW PUSHBUTTON-SPST-KEYBOARD_MX-SERIES-SW-1-POLE_ALT_(MX-SERIES-SW-1-POLE-1P5U,MX-SERIES-SW-1-POLE-1P75U,MX-SERIES-SW-1-POLE-2P25U,MX-SERIES-SW-1-POLE-2U,MX-SERIES-SW-1-POLE-2U-VERT,MX-SERIES-SW-1-POLE-6P25U) / MX-SERIES-SW-1-POLE at (7884.19 5846.26)
	Placed symbol:  SW6 / SW PUSHBUTTON-SPST-KEYBOARD_MX-SERIES-SW-1-POLE_F5_(MX-SERIES-SW-1-POLE-1P5U,MX-SERIES-SW-1-POLE-1P75U,MX-SERIES-SW-1-POLE-2P25U,MX-SERIES-SW-1-POLE-2U,MX-SERIES-SW-1-POLE-2U-VERT,MX-SERIES-SW-1-POLE-6P25U) / MX-SERIES-SW-1-POLE at (9474.91 9223.56)
	Placed symbol:  SW60 / SW PUSHBUTTON-SPST-KEYBOARD_MX-SERIES-SW-1-POLE_SPACE_(MX-SERIES-SW-1-POLE-1P5U,MX-SERIES-SW-1-POLE-1P75U,MX-SERIES-SW-1-POLE-2P25U,MX-SERIES-SW-1-POLE-2U,MX-SERIES-SW-1-POLE-2U-VERT,MX-SERIES-SW-1-POLE-6P25U) / MX-SERIES-SW-1-POLE at (10270.27 5846.26)
	Placed symbol:  SW61 / SW PUSHBUTTON-SPST-KEYBOARD_MX-SERIES-SW-1-POLE_R_ALT_(MX-SERIES-SW-1-POLE-1P5U,MX-SERIES-SW-1-POLE-1P75U,MX-SERIES-SW-1-POLE-2P25U,MX-SERIES-SW-1-POLE-2U,MX-SERIES-SW-1-POLE-2U-VERT,MX-SERIES-SW-1-POLE-6P25U) / MX-SERIES-SW-1-POLE at (12656.35 5846.26)
	Placed symbol:  SW7 / SW PUSHBUTTON-SPST-KEYBOARD_MX-SERIES-SW-1-POLE_F6_(MX-SERIES-SW-1-POLE-1P5U,MX-SERIES-SW-1-POLE-1P75U,MX-SERIES-SW-1-POLE-2P25U,MX-SERIES-SW-1-POLE-2U,MX-SERIES-SW-1-POLE-2U-VERT,MX-SERIES-SW-1-POLE-6P25U) / MX-SERIES-SW-1-POLE at (10270.27 9223.56)
	Placed symbol:  SW8 / SW PUSHBUTTON-SPST-KEYBOARD_MX-SERIES-SW-1-POLE_F7_(MX-SERIES-SW-1-POLE-1P5U,MX-SERIES-SW-1-POLE-1P75U,MX-SERIES-SW-1-POLE-2P25U,MX-SERIES-SW-1-POLE-2U,MX-SERIES-SW-1-POLE-2U-VERT,MX-SERIES-SW-1-POLE-6P25U) / MX-SERIES-SW-1-POLE at (11065.63 9223.56)
	Placed symbol:  SW9 / SW PUSHBUTTON-SPST-KEYBOARD_MX-SERIES-SW-1-POLE_F8_(MX-SERIES-SW-1-POLE-1P5U,MX-SERIES-SW-1-POLE-1P75U,MX-SERIES-SW-1-POLE-2P25U,MX-SERIES-SW-1-POLE-2U,MX-SERIES-SW-1-POLE-2U-VERT,MX-SERIES-SW-1-POLE-6P25U) / MX-SERIES-SW-1-POLE at (11860.99 9223.56)

Placing page "6"
	Placed symbol:  D101 / DIODE-AK_SOD-123_DISCRETE_DIODE / SOD-123 at (18711.55 5517.31)
	Placed symbol:  D63 / DIODE-AK_SOD-123_DISCRETE_DIODE / SOD-123 at (13939.39 8894.60)
	Placed symbol:  D64 / DIODE-AK_SOD-123_DISCRETE_DIODE / SOD-123 at (14734.75 8894.60)
	Placed symbol:  D65 / DIODE-AK_SOD-123_DISCRETE_DIODE / SOD-123 at (15530.11 8894.60)
	Placed symbol:  D66 / DIODE-AK_SOD-123_DISCRETE_DIODE / SOD-123 at (16325.47 8894.60)
	Placed symbol:  D67 / DIODE-AK_SOD-123_DISCRETE_DIODE / SOD-123 at (13939.39 8219.14)
	Placed symbol:  D68 / DIODE-AK_SOD-123_DISCRETE_DIODE / SOD-123 at (14734.75 8219.14)
	Placed symbol:  D69 / DIODE-AK_SOD-123_DISCRETE_DIODE / SOD-123 at (15530.11 8219.14)
	Placed symbol:  D70 / DIODE-AK_SOD-123_DISCRETE_DIODE / SOD-123 at (16325.47 8219.14)
	Placed symbol:  D71 / DIODE-AK_SOD-123_DISCRETE_DIODE / SOD-123 at (17120.83 8219.14)
	Placed symbol:  D72 / DIODE-AK_SOD-123_DISCRETE_DIODE / SOD-123 at (17916.19 8219.14)
	Placed symbol:  D73 / DIODE-AK_SOD-123_DISCRETE_DIODE / SOD-123 at (18711.55 8219.14)
	Placed symbol:  D74 / DIODE-AK_SOD-123_DISCRETE_DIODE / SOD-123 at (19506.91 8219.14)
	Placed symbol:  D75 / DIODE-AK_SOD-123_DISCRETE_DIODE / SOD-123 at (13939.39 7543.68)
	Placed symbol:  D76 / DIODE-AK_SOD-123_DISCRETE_DIODE / SOD-123 at (14734.75 7543.68)
	Placed symbol:  D77 / DIODE-AK_SOD-123_DISCRETE_DIODE / SOD-123 at (15530.11 7543.68)
	Placed symbol:  D78 / DIODE-AK_SOD-123_DISCRETE_DIODE / SOD-123 at (16325.47 7543.68)
	Placed symbol:  D79 / DIODE-AK_SOD-123_DISCRETE_DIODE / SOD-123 at (17120.83 7543.68)
	Placed symbol:  D80 / DIODE-AK_SOD-123_DISCRETE_DIODE / SOD-123 at (17916.19 7543.68)
	Placed symbol:  D81 / DIODE-AK_SOD-123_DISCRETE_DIODE / SOD-123 at (18711.55 7543.68)
	Placed symbol:  D82 / DIODE-AK_SOD-123_DISCRETE_DIODE / SOD-123 at (19506.91 7543.68)
	Placed symbol:  D83 / DIODE-AK_SOD-123_DISCRETE_DIODE / SOD-123 at (13939.39 6868.22)
	Placed symbol:  D84 / DIODE-AK_SOD-123_DISCRETE_DIODE / SOD-123 at (14734.75 6868.22)
	Placed symbol:  D85 / DIODE-AK_SOD-123_DISCRETE_DIODE / SOD-123 at (16325.47 6868.22)
	Placed symbol:  D86 / DIODE-AK_SOD-123_DISCRETE_DIODE / SOD-123 at (17120.83 6868.22)
	Placed symbol:  D87 / DIODE-AK_SOD-123_DISCRETE_DIODE / SOD-123 at (17916.19 6868.22)
	Placed symbol:  D88 / DIODE-AK_SOD-123_DISCRETE_DIODE / SOD-123 at (18711.55 6868.22)
	Placed symbol:  D89 / DIODE-AK_SOD-123_DISCRETE_DIODE / SOD-123 at (13939.39 6192.76)
	Placed symbol:  D90 / DIODE-AK_SOD-123_DISCRETE_DIODE / SOD-123 at (14734.75 6192.76)
	Placed symbol:  D91 / DIODE-AK_SOD-123_DISCRETE_DIODE / SOD-123 at (16325.47 6192.76)
	Placed symbol:  D92 / DIODE-AK_SOD-123_DISCRETE_DIODE / SOD-123 at (17120.83 6192.76)
	Placed symbol:  D93 / DIODE-AK_SOD-123_DISCRETE_DIODE / SOD-123 at (17916.19 6192.76)
	Placed symbol:  D94 / DIODE-AK_SOD-123_DISCRETE_DIODE / SOD-123 at (18711.55 6192.76)
	Placed symbol:  D95 / DIODE-AK_SOD-123_DISCRETE_DIODE / SOD-123 at (19506.91 6192.76)
	Placed symbol:  D96 / DIODE-AK_SOD-123_DISCRETE_DIODE / SOD-123 at (13939.39 5517.31)
	Placed symbol:  D97 / DIODE-AK_SOD-123_DISCRETE_DIODE / SOD-123 at (14734.75 5517.31)
	Placed symbol:  D98 / DIODE-AK_SOD-123_DISCRETE_DIODE / SOD-123 at (16325.47 5517.31)
	Placed symbol:  D99 / DIODE-AK_SOD-123_DISCRETE_DIODE / SOD-123 at (17120.83 5517.31)
	Placed symbol:  D100 / DIODE-AK_SOD-123_DISCRETE_DIODE / SOD-123 at (17916.19 5517.31)
	Placed symbol:  SW101 / SW PUSHBUTTON-SPST-KEYBOARD_MX-SERIES-SW-1-POLE_NUM_DOT_(MX-SERIES-SW-1-POLE-1P5U,MX-SERIES-SW-1-POLE-1P75U,MX-SERIES-SW-1-POLE-2P25U,MX-SERIES-SW-1-POLE-2U,MX-SERIES-SW-1-POLE-2U-VERT,MX-SERIES-SW-1-POLE-6P25U) / MX-SERIES-SW-1-POLE at (19109.23 5846.26)
	Placed symbol:  SW63 / SW PUSHBUTTON-SPST-KEYBOARD_MX-SERIES-SW-1-POLE_F11_(MX-SERIES-SW-1-POLE-1P5U,MX-SERIES-SW-1-POLE-1P75U,MX-SERIES-SW-1-POLE-2P25U,MX-SERIES-SW-1-POLE-2U,MX-SERIES-SW-1-POLE-2U-VERT,MX-SERIES-SW-1-POLE-6P25U) / MX-SERIES-SW-1-POLE at (14337.07 9223.56)
	Placed symbol:  SW64 / SW PUSHBUTTON-SPST-KEYBOARD_MX-SERIES-SW-1-POLE_F12_(MX-SERIES-SW-1-POLE-1P5U,MX-SERIES-SW-1-POLE-1P75U,MX-SERIES-SW-1-POLE-2P25U,MX-SERIES-SW-1-POLE-2U,MX-SERIES-SW-1-POLE-2U-VERT,MX-SERIES-SW-1-POLE-6P25U) / MX-SERIES-SW-1-POLE at (15132.43 9223.56)
	Placed symbol:  SW65 / SW PUSHBUTTON-SPST-KEYBOARD_MX-SERIES-SW-1-POLE_PRINT_(MX-SERIES-SW-1-POLE-1P5U,MX-SERIES-SW-1-POLE-1P75U,MX-SERIES-SW-1-POLE-2P25U,MX-SERIES-SW-1-POLE-2U,MX-SERIES-SW-1-POLE-2U-VERT,MX-SERIES-SW-1-POLE-6P25U) / MX-SERIES-SW-1-POLE at (15927.79 9223.56)
	Placed symbol:  SW66 / SW PUSHBUTTON-SPST-KEYBOARD_MX-SERIES-SW-1-POLE_DEL_(MX-SERIES-SW-1-POLE-1P5U,MX-SERIES-SW-1-POLE-1P75U,MX-SERIES-SW-1-POLE-2P25U,MX-SERIES-SW-1-POLE-2U,MX-SERIES-SW-1-POLE-2U-VERT,MX-SERIES-SW-1-POLE-6P25U) / MX-SERIES-SW-1-POLE at (16723.15 9223.56)
	Placed symbol:  SW67 / SW PUSHBUTTON-SPST-KEYBOARD_MX-SERIES-SW-1-POLE_-_(MX-SERIES-SW-1-POLE-1P5U,MX-SERIES-SW-1-POLE-1P75U,MX-SERIES-SW-1-POLE-2P25U,MX-SERIES-SW-1-POLE-2U,MX-SERIES-SW-1-POLE-2U-VERT,MX-SERIES-SW-1-POLE-6P25U) / MX-SERIES-SW-1-POLE at (14337.07 8548.10)
	Placed symbol:  SW68 / SW PUSHBUTTON-SPST-KEYBOARD_MX-SERIES-SW-1-POLE_=_(MX-SERIES-SW-1-POLE-1P5U,MX-SERIES-SW-1-POLE-1P75U,MX-SERIES-SW-1-POLE-2P25U,MX-SERIES-SW-1-POLE-2U,MX-SERIES-SW-1-POLE-2U-VERT,MX-SERIES-SW-1-POLE-6P25U) / MX-SERIES-SW-1-POLE at (15132.43 8548.10)
	Placed symbol:  SW69 / SW PUSHBUTTON-SPST-KEYBOARD_MX-SERIES-SW-1-POLE_BACKSPACE_(MX-SERIES-SW-1-POLE-1P5U,MX-SERIES-SW-1-POLE-1P75U,MX-SERIES-SW-1-POLE-2P25U,MX-SERIES-SW-1-POLE-2U,MX-SERIES-SW-1-POLE-2U-VERT,MX-SERIES-SW-1-POLE-6P25U) / MX-SERIES-SW-1-POLE at (15927.79 8548.10)
	Placed symbol:  SW70 / SW PUSHBUTTON-SPST-KEYBOARD_MX-SERIES-SW-1-POLE_PG_UP_(MX-SERIES-SW-1-POLE-1P5U,MX-SERIES-SW-1-POLE-1P75U,MX-SERIES-SW-1-POLE-2P25U,MX-SERIES-SW-1-POLE-2U,MX-SERIES-SW-1-POLE-2U-VERT,MX-SERIES-SW-1-POLE-6P25U) / MX-SERIES-SW-1-POLE at (16723.15 8548.10)
	Placed symbol:  SW71 / SW PUSHBUTTON-SPST-KEYBOARD_MX-SERIES-SW-1-POLE_NUM_LOCK_(MX-SERIES-SW-1-POLE-1P5U,MX-SERIES-SW-1-POLE-1P75U,MX-SERIES-SW-1-POLE-2P25U,MX-SERIES-SW-1-POLE-2U,MX-SERIES-SW-1-POLE-2U-VERT,MX-SERIES-SW-1-POLE-6P25U) / MX-SERIES-SW-1-POLE at (17518.51 8548.10)
	Placed symbol:  SW72 / SW PUSHBUTTON-SPST-KEYBOARD_MX-SERIES-SW-1-POLE_NUM_/_(MX-SERIES-SW-1-POLE-1P5U,MX-SERIES-SW-1-POLE-1P75U,MX-SERIES-SW-1-POLE-2P25U,MX-SERIES-SW-1-POLE-2U,MX-SERIES-SW-1-POLE-2U-VERT,MX-SERIES-SW-1-POLE-6P25U) / MX-SERIES-SW-1-POLE at (18313.87 8548.10)
	Placed symbol:  SW73 / SW PUSHBUTTON-SPST-KEYBOARD_MX-SERIES-SW-1-POLE_NUM_*_(MX-SERIES-SW-1-POLE-1P5U,MX-SERIES-SW-1-POLE-1P75U,MX-SERIES-SW-1-POLE-2P25U,MX-SERIES-SW-1-POLE-2U,MX-SERIES-SW-1-POLE-2U-VERT,MX-SERIES-SW-1-POLE-6P25U) / MX-SERIES-SW-1-POLE at (19109.23 8548.10)
	Placed symbol:  SW74 / SW PUSHBUTTON-SPST-KEYBOARD_MX-SERIES-SW-1-POLE_NUM_-_(MX-SERIES-SW-1-POLE-1P5U,MX-SERIES-SW-1-POLE-1P75U,MX-SERIES-SW-1-POLE-2P25U,MX-SERIES-SW-1-POLE-2U,MX-SERIES-SW-1-POLE-2U-VERT,MX-SERIES-SW-1-POLE-6P25U) / MX-SERIES-SW-1-POLE at (19904.59 8548.10)
	Placed symbol:  SW75 / SW PUSHBUTTON-SPST-KEYBOARD_MX-SERIES-SW-1-POLE_[_(MX-SERIES-SW-1-POLE-1P5U,MX-SERIES-SW-1-POLE-1P75U,MX-SERIES-SW-1-POLE-2P25U,MX-SERIES-SW-1-POLE-2U,MX-SERIES-SW-1-POLE-2U-VERT,MX-SERIES-SW-1-POLE-6P25U) / MX-SERIES-SW-1-POLE at (14337.07 7872.64)
	Placed symbol:  SW76 / SW PUSHBUTTON-SPST-KEYBOARD_MX-SERIES-SW-1-POLE_]_(MX-SERIES-SW-1-POLE-1P5U,MX-SERIES-SW-1-POLE-1P75U,MX-SERIES-SW-1-POLE-2P25U,MX-SERIES-SW-1-POLE-2U,MX-SERIES-SW-1-POLE-2U-VERT,MX-SERIES-SW-1-POLE-6P25U) / MX-SERIES-SW-1-POLE at (15132.43 7872.64)
	Placed symbol:  SW77 / SW PUSHBUTTON-SPST-KEYBOARD_MX-SERIES-SW-1-POLE_\_(MX-SERIES-SW-1-POLE-1P5U,MX-SERIES-SW-1-POLE-1P75U,MX-SERIES-SW-1-POLE-2P25U,MX-SERIES-SW-1-POLE-2U,MX-SERIES-SW-1-POLE-2U-VERT,MX-SERIES-SW-1-POLE-6P25U) / MX-SERIES-SW-1-POLE at (15927.79 7872.64)
	Placed symbol:  SW78 / SW PUSHBUTTON-SPST-KEYBOARD_MX-SERIES-SW-1-POLE_PG_DOWN_(MX-SERIES-SW-1-POLE-1P5U,MX-SERIES-SW-1-POLE-1P75U,MX-SERIES-SW-1-POLE-2P25U,MX-SERIES-SW-1-POLE-2U,MX-SERIES-SW-1-POLE-2U-VERT,MX-SERIES-SW-1-POLE-6P25U) / MX-SERIES-SW-1-POLE at (16723.15 7872.64)
	Placed symbol:  SW79 / SW PUSHBUTTON-SPST-KEYBOARD_MX-SERIES-SW-1-POLE_NUM_7_(MX-SERIES-SW-1-POLE-1P5U,MX-SERIES-SW-1-POLE-1P75U,MX-SERIES-SW-1-POLE-2P25U,MX-SERIES-SW-1-POLE-2U,MX-SERIES-SW-1-POLE-2U-VERT,MX-SERIES-SW-1-POLE-6P25U) / MX-SERIES-SW-1-POLE at (17518.51 7872.64)
	Placed symbol:  SW80 / SW PUSHBUTTON-SPST-KEYBOARD_MX-SERIES-SW-1-POLE_NUM_8_(MX-SERIES-SW-1-POLE-1P5U,MX-SERIES-SW-1-POLE-1P75U,MX-SERIES-SW-1-POLE-2P25U,MX-SERIES-SW-1-POLE-2U,MX-SERIES-SW-1-POLE-2U-VERT,MX-SERIES-SW-1-POLE-6P25U) / MX-SERIES-SW-1-POLE at (18313.87 7872.64)
	Placed symbol:  SW81 / SW PUSHBUTTON-SPST-KEYBOARD_MX-SERIES-SW-1-POLE_NUM_9_(MX-SERIES-SW-1-POLE-1P5U,MX-SERIES-SW-1-POLE-1P75U,MX-SERIES-SW-1-POLE-2P25U,MX-SERIES-SW-1-POLE-2U,MX-SERIES-SW-1-POLE-2U-VERT,MX-SERIES-SW-1-POLE-6P25U) / MX-SERIES-SW-1-POLE at (19109.23 7872.64)
	Placed symbol:  SW82 / SW PUSHBUTTON-SPST-KEYBOARD_MX-SERIES-SW-1-POLE_NUM_+_(MX-SERIES-SW-1-POLE-1P5U,MX-SERIES-SW-1-POLE-1P75U,MX-SERIES-SW-1-POLE-2P25U,MX-SERIES-SW-1-POLE-2U,MX-SERIES-SW-1-POLE-2U-VERT,MX-SERIES-SW-1-POLE-6P25U) / MX-SERIES-SW-1-POLE at (19904.59 7872.64)
	Placed symbol:  SW83 / SW PUSHBUTTON-SPST-KEYBOARD_MX-SERIES-SW-1-POLE_ACENTO_(MX-SERIES-SW-1-POLE-1P5U,MX-SERIES-SW-1-POLE-1P75U,MX-SERIES-SW-1-POLE-2P25U,MX-SERIES-SW-1-POLE-2U,MX-SERIES-SW-1-POLE-2U-VERT,MX-SERIES-SW-1-POLE-6P25U) / MX-SERIES-SW-1-POLE at (14337.07 7197.18)
	Placed symbol:  SW84 / SW PUSHBUTTON-SPST-KEYBOARD_MX-SERIES-SW-1-POLE_ENTER_(MX-SERIES-SW-1-POLE-1P5U,MX-SERIES-SW-1-POLE-1P75U,MX-SERIES-SW-1-POLE-2P25U,MX-SERIES-SW-1-POLE-2U,MX-SERIES-SW-1-POLE-2U-VERT,MX-SERIES-SW-1-POLE-6P25U) / MX-SERIES-SW-1-POLE at (15132.43 7197.18)
	Placed symbol:  SW85 / SW PUSHBUTTON-SPST-KEYBOARD_MX-SERIES-SW-1-POLE_HOME_(MX-SERIES-SW-1-POLE-1P5U,MX-SERIES-SW-1-POLE-1P75U,MX-SERIES-SW-1-POLE-2P25U,MX-SERIES-SW-1-POLE-2U,MX-SERIES-SW-1-POLE-2U-VERT,MX-SERIES-SW-1-POLE-6P25U) / MX-SERIES-SW-1-POLE at (16723.15 7197.18)
	Placed symbol:  SW86 / SW PUSHBUTTON-SPST-KEYBOARD_MX-SERIES-SW-1-POLE_NUM_4_(MX-SERIES-SW-1-POLE-1P5U,MX-SERIES-SW-1-POLE-1P75U,MX-SERIES-SW-1-POLE-2P25U,MX-SERIES-SW-1-POLE-2U,MX-SERIES-SW-1-POLE-2U-VERT,MX-SERIES-SW-1-POLE-6P25U) / MX-SERIES-SW-1-POLE at (17518.51 7197.18)
	Placed symbol:  SW87 / SW PUSHBUTTON-SPST-KEYBOARD_MX-SERIES-SW-1-POLE_NUM_5_(MX-SERIES-SW-1-POLE-1P5U,MX-SERIES-SW-1-POLE-1P75U,MX-SERIES-SW-1-POLE-2P25U,MX-SERIES-SW-1-POLE-2U,MX-SERIES-SW-1-POLE-2U-VERT,MX-SERIES-SW-1-POLE-6P25U) / MX-SERIES-SW-1-POLE at (18313.87 7197.18)
	Placed symbol:  SW88 / SW PUSHBUTTON-SPST-KEYBOARD_MX-SERIES-SW-1-POLE_NUM_6_(MX-SERIES-SW-1-POLE-1P5U,MX-SERIES-SW-1-POLE-1P75U,MX-SERIES-SW-1-POLE-2P25U,MX-SERIES-SW-1-POLE-2U,MX-SERIES-SW-1-POLE-2U-VERT,MX-SERIES-SW-1-POLE-6P25U) / MX-SERIES-SW-1-POLE at (19109.23 7197.18)
	Placed symbol:  SW89 / SW PUSHBUTTON-SPST-KEYBOARD_MX-SERIES-SW-1-POLE_R_SHIFT_(MX-SERIES-SW-1-POLE-1P5U,MX-SERIES-SW-1-POLE-1P75U,MX-SERIES-SW-1-POLE-2P25U,MX-SERIES-SW-1-POLE-2U,MX-SERIES-SW-1-POLE-2U-VERT,MX-SERIES-SW-1-POLE-6P25U) / MX-SERIES-SW-1-POLE at (14337.07 6521.72)
	Placed symbol:  SW90 / SW PUSHBUTTON-SPST-KEYBOARD_MX-SERIES-SW-1-POLE_UP_(MX-SERIES-SW-1-POLE-1P5U,MX-SERIES-SW-1-POLE-1P75U,MX-SERIES-SW-1-POLE-2P25U,MX-SERIES-SW-1-POLE-2U,MX-SERIES-SW-1-POLE-2U-VERT,MX-SERIES-SW-1-POLE-6P25U) / MX-SERIES-SW-1-POLE at (15132.43 6521.72)
	Placed symbol:  SW91 / SW PUSHBUTTON-SPST-KEYBOARD_MX-SERIES-SW-1-POLE_END_(MX-SERIES-SW-1-POLE-1P5U,MX-SERIES-SW-1-POLE-1P75U,MX-SERIES-SW-1-POLE-2P25U,MX-SERIES-SW-1-POLE-2U,MX-SERIES-SW-1-POLE-2U-VERT,MX-SERIES-SW-1-POLE-6P25U) / MX-SERIES-SW-1-POLE at (16723.15 6521.72)
	Placed symbol:  SW92 / SW PUSHBUTTON-SPST-KEYBOARD_MX-SERIES-SW-1-POLE_NUM_1_(MX-SERIES-SW-1-POLE-1P5U,MX-SERIES-SW-1-POLE-1P75U,MX-SERIES-SW-1-POLE-2P25U,MX-SERIES-SW-1-POLE-2U,MX-SERIES-SW-1-POLE-2U-VERT,MX-SERIES-SW-1-POLE-6P25U) / MX-SERIES-SW-1-POLE at (17518.51 6521.72)
	Placed symbol:  SW93 / SW PUSHBUTTON-SPST-KEYBOARD_MX-SERIES-SW-1-POLE_NUM_2_(MX-SERIES-SW-1-POLE-1P5U,MX-SERIES-SW-1-POLE-1P75U,MX-SERIES-SW-1-POLE-2P25U,MX-SERIES-SW-1-POLE-2U,MX-SERIES-SW-1-POLE-2U-VERT,MX-SERIES-SW-1-POLE-6P25U) / MX-SERIES-SW-1-POLE at (18313.87 6521.72)
	Placed symbol:  SW94 / SW PUSHBUTTON-SPST-KEYBOARD_MX-SERIES-SW-1-POLE_NUM_3_(MX-SERIES-SW-1-POLE-1P5U,MX-SERIES-SW-1-POLE-1P75U,MX-SERIES-SW-1-POLE-2P25U,MX-SERIES-SW-1-POLE-2U,MX-SERIES-SW-1-POLE-2U-VERT,MX-SERIES-SW-1-POLE-6P25U) / MX-SERIES-SW-1-POLE at (19109.23 6521.72)
	Placed symbol:  SW95 / SW PUSHBUTTON-SPST-KEYBOARD_MX-SERIES-SW-1-POLE_NUM_ENTER_(MX-SERIES-SW-1-POLE-1P5U,MX-SERIES-SW-1-POLE-1P75U,MX-SERIES-SW-1-POLE-2P25U,MX-SERIES-SW-1-POLE-2U,MX-SERIES-SW-1-POLE-2U-VERT,MX-SERIES-SW-1-POLE-6P25U) / MX-SERIES-SW-1-POLE at (19904.59 6521.72)
	Placed symbol:  SW96 / SW PUSHBUTTON-SPST-KEYBOARD_MX-SERIES-SW-1-POLE_LEFT_(MX-SERIES-SW-1-POLE-1P5U,MX-SERIES-SW-1-POLE-1P75U,MX-SERIES-SW-1-POLE-2P25U,MX-SERIES-SW-1-POLE-2U,MX-SERIES-SW-1-POLE-2U-VERT,MX-SERIES-SW-1-POLE-6P25U) / MX-SERIES-SW-1-POLE at (14337.07 5846.26)
	Placed symbol:  SW97 / SW PUSHBUTTON-SPST-KEYBOARD_MX-SERIES-SW-1-POLE_DOWN_(MX-SERIES-SW-1-POLE-1P5U,MX-SERIES-SW-1-POLE-1P75U,MX-SERIES-SW-1-POLE-2P25U,MX-SERIES-SW-1-POLE-2U,MX-SERIES-SW-1-POLE-2U-VERT,MX-SERIES-SW-1-POLE-6P25U) / MX-SERIES-SW-1-POLE at (15132.43 5846.26)
	Placed symbol:  SW98 / SW PUSHBUTTON-SPST-KEYBOARD_MX-SERIES-SW-1-POLE_RIGHT_(MX-SERIES-SW-1-POLE-1P5U,MX-SERIES-SW-1-POLE-1P75U,MX-SERIES-SW-1-POLE-2P25U,MX-SERIES-SW-1-POLE-2U,MX-SERIES-SW-1-POLE-2U-VERT,MX-SERIES-SW-1-POLE-6P25U) / MX-SERIES-SW-1-POLE at (16723.15 5846.26)
	Placed symbol:  SW99 / SW PUSHBUTTON-SPST-KEYBOARD_MX-SERIES-SW-1-POLE_CLEAR_(MX-SERIES-SW-1-POLE-1P5U,MX-SERIES-SW-1-POLE-1P75U,MX-SERIES-SW-1-POLE-2P25U,MX-SERIES-SW-1-POLE-2U,MX-SERIES-SW-1-POLE-2U-VERT,MX-SERIES-SW-1-POLE-6P25U) / MX-SERIES-SW-1-POLE at (17518.51 5846.26)
	Placed symbol:  SW100 / SW PUSHBUTTON-SPST-KEYBOARD_MX-SERIES-SW-1-POLE_NUM_0_(MX-SERIES-SW-1-POLE-1P5U,MX-SERIES-SW-1-POLE-1P75U,MX-SERIES-SW-1-POLE-2P25U,MX-SERIES-SW-1-POLE-2U,MX-SERIES-SW-1-POLE-2U-VERT,MX-SERIES-SW-1-POLE-6P25U) / MX-SERIES-SW-1-POLE at (18313.87 5846.26)

Placing page "7"
	Placed symbol:  C18 / CAPACITOR_CAP0603_DISCRETE_0.1UF_10 / CAP0603 at (749.42 10325.09)
	Placed symbol:  C19 / CAPACITOR_CAP0603_DISCRETE_0.1UF_10 / CAP0603 at (1123.76 10325.09)
	Placed symbol:  C20 / CAPACITOR_CAP0603_DISCRETE_0.1UF_10 / CAP0603 at (1498.10 10325.09)
	Placed symbol:  C21 / CAPACITOR_CAP0603_DISCRETE_0.1UF_10 / CAP0603 at (1872.44 10325.09)
	Placed symbol:  C22 / CAPACITOR_CAP0603_DISCRETE_0.1UF_10 / CAP0603 at (2246.78 10325.09)
	Placed symbol:  C23 / CAPACITOR_CAP0603_DISCRETE_0.1UF_10 / CAP0603 at (2621.12 10325.09)
	Placed symbol:  C24 / CAPACITOR_CAP0603_DISCRETE_0.1UF_10 / CAP0603 at (749.42 10080.39)
	Placed symbol:  C25 / CAPACITOR_CAP0603_DISCRETE_0.1UF_10 / CAP0603 at (1123.76 10080.39)
	Placed symbol:  C26 / CAPACITOR_CAP0603_DISCRETE_0.1UF_10 / CAP0603 at (1498.10 10080.39)
	Placed symbol:  C27 / CAPACITOR_CAP0603_DISCRETE_0.1UF_10 / CAP0603 at (1872.44 10080.39)
	Placed symbol:  C28 / CAPACITOR_CAP0603_DISCRETE_0.1UF_10 / CAP0603 at (2246.78 10080.39)
	Placed symbol:  C29 / CAPACITOR_CAP0603_DISCRETE_0.1UF_10 / CAP0603 at (2621.12 10080.39)
	Placed symbol:  C30 / CAPACITOR_CAP0603_DISCRETE_0.1UF_10 / CAP0603 at (749.42 9835.69)
	Placed symbol:  C31 / CAPACITOR_CAP0603_DISCRETE_0.1UF_10 / CAP0603 at (1123.76 9835.69)
	Placed symbol:  C32 / CAPACITOR_CAP0603_DISCRETE_0.1UF_10 / CAP0603 at (1498.10 9835.69)
	Placed symbol:  C33 / CAPACITOR_CAP0603_DISCRETE_0.1UF_10 / CAP0603 at (1872.44 9835.69)
	Placed symbol:  LED1 / LED-RGBW_SKC6812RV_LED-RGBW_(SKC6812RV) / SKC6812RV at (562.25 10216.38)
	Placed symbol:  LED10 / LED-RGBW_SKC6812RV_LED-RGBW_(SKC6812RV) / SKC6812RV at (1685.27 9971.68)
	Placed symbol:  LED11 / LED-RGBW_SKC6812RV_LED-RGBW_(SKC6812RV) / SKC6812RV at (2059.61 9971.68)
	Placed symbol:  LED12 / LED-RGBW_SKC6812RV_LED-RGBW_(SKC6812RV) / SKC6812RV at (2433.95 9971.68)
	Placed symbol:  LED13 / LED-RGBW_SKC6812RV_LED-RGBW_(SKC6812RV) / SKC6812RV at (562.25 9726.99)
	Placed symbol:  LED14 / LED-RGBW_SKC6812RV_LED-RGBW_(SKC6812RV) / SKC6812RV at (936.59 9726.99)
	Placed symbol:  LED15 / LED-RGBW_SKC6812RV_LED-RGBW_(SKC6812RV) / SKC6812RV at (1310.93 9726.99)
	Placed symbol:  LED16 / LED-RGBW_SKC6812RV_LED-RGBW_(SKC6812RV) / SKC6812RV at (1685.27 9726.99)
	Placed symbol:  LED2 / LED-RGBW_SKC6812RV_LED-RGBW_(SKC6812RV) / SKC6812RV at (936.59 10216.38)
	Placed symbol:  LED3 / LED-RGBW_SKC6812RV_LED-RGBW_(SKC6812RV) / SKC6812RV at (1310.93 10216.38)
	Placed symbol:  LED4 / LED-RGBW_SKC6812RV_LED-RGBW_(SKC6812RV) / SKC6812RV at (1685.27 10216.38)
	Placed symbol:  LED5 / LED-RGBW_SKC6812RV_LED-RGBW_(SKC6812RV) / SKC6812RV at (2059.61 10216.38)
	Placed symbol:  LED6 / LED-RGBW_SKC6812RV_LED-RGBW_(SKC6812RV) / SKC6812RV at (2433.95 10216.38)
	Placed symbol:  LED7 / LED-RGBW_SKC6812RV_LED-RGBW_(SKC6812RV) / SKC6812RV at (562.25 9971.68)
	Placed symbol:  LED8 / LED-RGBW_SKC6812RV_LED-RGBW_(SKC6812RV) / SKC6812RV at (936.59 9971.68)
	Placed symbol:  LED9 / LED-RGBW_SKC6812RV_LED-RGBW_(SKC6812RV) / SKC6812RV at (1310.93 9971.68)
	Placed symbol:  Q1 / NX138AKR_SOT95P230X110-3N_NX138AKR / SOT95P230X110-3N at (256.31 10243.56)
	Placed symbol:  R8 / RES1_RES0603_DISCRETE_10K_1% / RES0603 at (113.43 10390.21)
	Placed symbol:  R9 / RES1_RES0603_DISCRETE_10K_1% / RES0603 at (399.19 10390.21)

Placing page "8"
	Placed symbol:  C34 / CAPACITOR_CAP0603_DISCRETE_0.1UF_10 / CAP0603 at (3563.51 11889.20)
	Placed symbol:  DS1 / LCD-NHD-0216XZ-DLSPLAY_NHD0216XZFSWGBW_NHD-0216XZ-FSW-GBW / NHD0216XZFSWGBW at (4367.14 11221.40)
	Placed symbol:  IC3 / PCF8574ADWR_SOIC127P1030X265-16N_PCF8574ADWR / SOIC127P1030X265-16N at (3271.66 11569.00)
	Placed symbol:  Q2 / NX138AKR_SOT95P230X110-3N_NX138AKR / SOT95P230X110-3N at (7346.63 9697.46)
	Placed symbol:  R10 / RES1_RES0603_DISCRETE_10K_1% / RES0603 at (2839.24 11824.08)
	Placed symbol:  R11 / RES1_RES0603_DISCRETE_10K_1% / RES0603 at (2967.36 11824.08)
	Placed symbol:  R12 / RES1_RES0603_DISCRETE_10K_1% / RES0603 at (3961.47 9803.92)
	Placed symbol:  VR1 / 3314J-2-103E_3314J2102E_POT 10K / 3314J2102E at (3762.49 11569.00)

Placed 279 of 279 symbols.
